\BOOKMARK [-1][-]{part.1}{\376\377\000I\000\040\000N\000a\000n\000O\000S\000\040\000C\000o\000r\000e}{}% 1
\BOOKMARK [0][-]{chapter.1}{\376\377\000I\000n\000t\000r\000o\000d\000u\000c\000c\000i\000\363\000n}{part.1}% 2
\BOOKMARK [1][-]{section.1.1}{\376\377\000\277\000Q\000u\000\351\000\040\000e\000s\000\040\000N\000a\000n\000O\000S\000?}{chapter.1}% 3
\BOOKMARK [1][-]{section.1.2}{\376\377\000I\000n\000s\000p\000i\000r\000a\000c\000i\000\363\000n\000\040\000B\000i\000o\000l\000\363\000g\000i\000c\000a}{chapter.1}% 4
\BOOKMARK [1][-]{section.1.3}{\376\377\000P\000l\000a\000t\000a\000f\000o\000r\000m\000a\000s\000\040\000S\000o\000p\000o\000r\000t\000a\000d\000a\000s}{chapter.1}% 5
\BOOKMARK [0][-]{chapter.2}{\376\377\000A\000r\000q\000u\000i\000t\000e\000c\000t\000u\000r\000a\000\040\000d\000e\000l\000\040\000S\000i\000s\000t\000e\000m\000a}{part.1}% 6
\BOOKMARK [1][-]{section.2.1}{\376\377\000E\000s\000t\000r\000u\000c\000t\000u\000r\000a\000\040\000d\000e\000\040\000C\000a\000p\000a\000s}{chapter.2}% 7
\BOOKMARK [1][-]{section.2.2}{\376\377\000C\000o\000m\000p\000o\000n\000e\000n\000t\000e\000s\000\040\000d\000e\000l\000\040\000K\000e\000r\000n\000e\000l}{chapter.2}% 8
\BOOKMARK [2][-]{subsection.2.2.1}{\376\377\000G\000e\000s\000t\000i\000\363\000n\000\040\000d\000e\000\040\000M\000e\000m\000o\000r\000i\000a}{section.2.2}% 9
\BOOKMARK [2][-]{subsection.2.2.2}{\376\377\000T\000i\000m\000e\000r\000\040\000y\000\040\000S\000c\000h\000e\000d\000u\000l\000i\000n\000g}{section.2.2}% 10
\BOOKMARK [1][-]{section.2.3}{\376\377\000C\000i\000c\000l\000o\000\040\000d\000e\000\040\000V\000i\000d\000a\000\040\000d\000e\000l\000\040\000N\000o\000d\000o}{chapter.2}% 11
\BOOKMARK [2][-]{subsection.2.3.1}{\376\377\000C\000o\000n\000d\000i\000c\000i\000o\000n\000e\000s\000\040\000d\000e\000\040\000A\000p\000o\000p\000t\000o\000s\000i\000s}{section.2.3}% 12
\BOOKMARK [0][-]{chapter.3}{\376\377\000S\000i\000s\000t\000e\000m\000a\000\040\000d\000e\000\040\000R\000o\000l\000e\000s}{part.1}% 13
\BOOKMARK [1][-]{section.3.1}{\376\377\000R\000o\000l\000e\000s\000\040\000D\000e\000f\000i\000n\000i\000d\000o\000s}{chapter.3}% 14
\BOOKMARK [1][-]{section.3.2}{\376\377\000T\000r\000a\000n\000s\000i\000c\000i\000\363\000n\000\040\000d\000e\000\040\000R\000o\000l\000e\000s}{chapter.3}% 15
\BOOKMARK [1][-]{section.3.3}{\376\377\000A\000l\000g\000o\000r\000i\000t\000m\000o\000\040\000d\000e\000\040\000E\000l\000e\000c\000c\000i\000\363\000n\000\040\000d\000e\000\040\000R\000e\000i\000n\000a}{chapter.3}% 16
\BOOKMARK [0][-]{chapter.4}{\376\377\000P\000r\000o\000t\000o\000c\000o\000l\000o\000\040\000d\000e\000\040\000F\000e\000r\000o\000m\000o\000n\000a\000s}{part.1}% 17
\BOOKMARK [1][-]{section.4.1}{\376\377\000T\000i\000p\000o\000s\000\040\000d\000e\000\040\000P\000h\000e\000r\000o\000m\000o\000n\000e\000s}{chapter.4}% 18
\BOOKMARK [1][-]{section.4.2}{\376\377\000F\000o\000r\000m\000a\000t\000o\000\040\000d\000e\000\040\000P\000a\000q\000u\000e\000t\000e}{chapter.4}% 19
\BOOKMARK [2][-]{subsection.4.2.1}{\376\377\000P\000a\000q\000u\000e\000t\000e\000\040\000E\000s\000t\000\341\000n\000d\000a\000r\000\040\000\050\0006\0004\000\040\000b\000y\000t\000e\000s\000\051}{section.4.2}% 20
\BOOKMARK [2][-]{subsection.4.2.2}{\376\377\000P\000a\000q\000u\000e\000t\000e\000\040\000C\000o\000m\000p\000a\000c\000t\000o\000\040\000A\000R\000M\000\040\000\050\0002\0004\000\040\000b\000y\000t\000e\000s\000\051}{section.4.2}% 21
\BOOKMARK [1][-]{section.4.3}{\376\377\000A\000u\000t\000e\000n\000t\000i\000c\000a\000c\000i\000\363\000n\000\040\000H\000M\000A\000C}{chapter.4}% 22
\BOOKMARK [0][-]{chapter.5}{\376\377\000M\000e\000c\000a\000n\000i\000s\000m\000o\000s\000\040\000d\000e\000\040\000R\000e\000d}{part.1}% 23
\BOOKMARK [1][-]{section.5.1}{\376\377\000B\000l\000o\000o\000m\000\040\000F\000i\000l\000t\000e\000r\000\040\000p\000a\000r\000a\000\040\000D\000e\000d\000u\000p\000l\000i\000c\000a\000c\000i\000\363\000n}{chapter.5}% 24
\BOOKMARK [1][-]{section.5.2}{\376\377\000G\000o\000s\000s\000i\000p\000\040\000P\000r\000o\000t\000o\000c\000o\000l}{chapter.5}% 25
\BOOKMARK [1][-]{section.5.3}{\376\377\000G\000r\000a\000d\000i\000e\000n\000t\000\040\000R\000o\000u\000t\000i\000n\000g}{chapter.5}% 26
\BOOKMARK [1][-]{section.5.4}{\376\377\000E\000n\000r\000u\000t\000a\000m\000i\000e\000n\000t\000o\000\040\000H\000e\000b\000b\000i\000a\000n\000o\000\040\000\050\000v\0000\000.\0005\000\051}{chapter.5}% 27
\BOOKMARK [2][-]{subsection.5.4.1}{\376\377\000P\000e\000s\000o\000\040\000S\000i\000n\000\341\000p\000t\000i\000c\000o}{section.5.4}% 28
\BOOKMARK [2][-]{subsection.5.4.2}{\376\377\000R\000e\000g\000l\000a\000\040\000d\000e\000\040\000A\000p\000r\000e\000n\000d\000i\000z\000a\000j\000e}{section.5.4}% 29
\BOOKMARK [2][-]{subsection.5.4.3}{\376\377\000F\000\363\000r\000m\000u\000l\000a\000\040\000d\000e\000\040\000C\000o\000s\000t\000o\000\040\000N\000e\000u\000r\000a\000l}{section.5.4}% 30
\BOOKMARK [0][-]{chapter.6}{\376\377\000S\000t\000i\000g\000m\000e\000r\000g\000i\000a\000:\000\040\000F\000e\000r\000o\000m\000o\000n\000a\000s\000\040\000D\000i\000g\000i\000t\000a\000l\000e\000s\000\040\000\050\000v\0000\000.\0005\000\051}{part.1}% 31
\BOOKMARK [1][-]{section.6.1}{\376\377\000I\000n\000s\000p\000i\000r\000a\000c\000i\000\363\000n\000\040\000B\000i\000o\000l\000\363\000g\000i\000c\000a}{chapter.6}% 32
\BOOKMARK [1][-]{section.6.2}{\376\377\000T\000i\000p\000o\000s\000\040\000d\000e\000\040\000F\000e\000r\000o\000m\000o\000n\000a\000s}{chapter.6}% 33
\BOOKMARK [1][-]{section.6.3}{\376\377\000E\000s\000t\000r\000u\000c\000t\000u\000r\000a\000\040\000d\000e\000\040\000D\000a\000t\000o\000s}{chapter.6}% 34
\BOOKMARK [1][-]{section.6.4}{\376\377\000D\000e\000c\000a\000i\000m\000i\000e\000n\000t\000o\000\040\000T\000e\000m\000p\000o\000r\000a\000l}{chapter.6}% 35
\BOOKMARK [1][-]{section.6.5}{\376\377\000M\000o\000d\000i\000f\000i\000c\000a\000c\000i\000\363\000n\000\040\000d\000e\000\040\000C\000o\000s\000t\000o\000\040\000d\000e\000\040\000M\000o\000v\000i\000m\000i\000e\000n\000t\000o}{chapter.6}% 36
\BOOKMARK [1][-]{section.6.6}{\376\377\000P\000r\000o\000p\000a\000g\000a\000c\000i\000\363\000n\000\040\000d\000e\000\040\000F\000e\000r\000o\000m\000o\000n\000a\000s}{chapter.6}% 37
\BOOKMARK [1][-]{section.6.7}{\376\377\000A\000P\000I\000\040\000d\000e\000\040\000S\000t\000i\000g\000m\000e\000r\000g\000i\000a}{chapter.6}% 38
\BOOKMARK [0][-]{chapter.7}{\376\377\000B\000l\000a\000c\000k\000\040\000B\000o\000x\000\040\000D\000i\000s\000t\000r\000i\000b\000u\000i\000d\000a\000:\000\040\000`\000`\000E\000l\000\040\000\332\000l\000t\000i\000m\000o\000\040\000A\000l\000i\000e\000n\000t\000o\000'\000'\000\040\000\050\000v\0000\000.\0005\000\051}{part.1}% 39
\BOOKMARK [1][-]{section.7.1}{\376\377\000P\000r\000o\000b\000l\000e\000m\000a\000:\000\040\000E\000v\000i\000d\000e\000n\000c\000i\000a\000\040\000F\000o\000r\000e\000n\000s\000e\000\040\000P\000e\000r\000d\000i\000d\000a}{chapter.7}% 40
\BOOKMARK [1][-]{section.7.2}{\376\377\000S\000o\000l\000u\000c\000i\000\363\000n\000:\000\040\000E\000l\000\040\000\332\000l\000t\000i\000m\000o\000\040\000A\000l\000i\000e\000n\000t\000o}{chapter.7}% 41
\BOOKMARK [1][-]{section.7.3}{\376\377\000C\000o\000n\000t\000e\000n\000i\000d\000o\000\040\000d\000e\000l\000\040\000T\000e\000s\000t\000a\000m\000e\000n\000t\000o}{chapter.7}% 42
\BOOKMARK [1][-]{section.7.4}{\376\377\000F\000l\000u\000j\000o\000\040\000d\000e\000\040\000O\000p\000e\000r\000a\000c\000i\000\363\000n}{chapter.7}% 43
\BOOKMARK [1][-]{section.7.5}{\376\377\000A\000l\000m\000a\000c\000e\000n\000a\000m\000i\000e\000n\000t\000o\000\040\000d\000e\000\040\000T\000e\000s\000t\000a\000m\000e\000n\000t\000o\000s}{chapter.7}% 44
\BOOKMARK [1][-]{section.7.6}{\376\377\000A\000P\000I\000\040\000d\000e\000\040\000B\000l\000a\000c\000k\000\040\000B\000o\000x}{chapter.7}% 45
\BOOKMARK [1][-]{section.7.7}{\376\377\000E\000j\000e\000m\000p\000l\000o\000\040\000d\000e\000\040\000I\000n\000v\000e\000s\000t\000i\000g\000a\000c\000i\000\363\000n\000\040\000F\000o\000r\000e\000n\000s\000e}{chapter.7}% 46
\BOOKMARK [0][-]{chapter.8}{\376\377\000S\000i\000s\000t\000e\000m\000a\000\040\000I\000n\000m\000u\000n\000e\000\040\000A\000r\000t\000i\000f\000i\000c\000i\000a\000l\000\040\000\050\000A\000I\000S\000\051\000\040\000\050\000v\0000\000.\0006\000\051}{part.1}% 47
\BOOKMARK [1][-]{section.8.1}{\376\377\000C\000o\000n\000c\000e\000p\000t\000o\000s\000\040\000B\000i\000o\000l\000\363\000g\000i\000c\000o\000s}{chapter.8}% 48
\BOOKMARK [1][-]{section.8.2}{\376\377\000E\000s\000t\000r\000u\000c\000t\000u\000r\000a\000\040\000d\000e\000l\000\040\000D\000e\000t\000e\000c\000t\000o\000r}{chapter.8}% 49
\BOOKMARK [1][-]{section.8.3}{\376\377\000A\000l\000g\000o\000r\000i\000t\000m\000o\000\040\000d\000e\000\040\000S\000e\000l\000e\000c\000c\000i\000\363\000n\000\040\000N\000e\000g\000a\000t\000i\000v\000a}{chapter.8}% 50
\BOOKMARK [1][-]{section.8.4}{\376\377\000E\000x\000t\000r\000a\000c\000c\000i\000\363\000n\000\040\000d\000e\000\040\000A\000n\000t\000\355\000g\000e\000n\000o\000s}{chapter.8}% 51
\BOOKMARK [1][-]{section.8.5}{\376\377\000T\000i\000p\000o\000s\000\040\000d\000e\000\040\000D\000e\000t\000e\000c\000c\000i\000\363\000n}{chapter.8}% 52
\BOOKMARK [1][-]{section.8.6}{\376\377\000P\000e\000r\000f\000i\000l\000\040\000`\000`\000S\000e\000l\000f\000'\000'\000\040\000\050\000Q\000u\000\351\000\040\000e\000s\000\040\000N\000o\000r\000m\000a\000l\000\051}{chapter.8}% 53
\BOOKMARK [1][-]{section.8.7}{\376\377\000I\000n\000t\000e\000g\000r\000a\000c\000i\000\363\000n\000\040\000c\000o\000n\000\040\000O\000t\000r\000o\000s\000\040\000S\000i\000s\000t\000e\000m\000a\000s}{chapter.8}% 54
\BOOKMARK [1][-]{section.8.8}{\376\377\000A\000P\000I\000\040\000d\000e\000l\000\040\000S\000i\000s\000t\000e\000m\000a\000\040\000I\000n\000m\000u\000n\000e}{chapter.8}% 55
\BOOKMARK [1][-]{section.8.9}{\376\377\000E\000v\000e\000n\000t\000o\000s\000\040\000A\000I\000S\000\040\000p\000a\000r\000a\000\040\000B\000l\000a\000c\000k\000\040\000B\000o\000x}{chapter.8}% 56
\BOOKMARK [0][-]{chapter.9}{\376\377\000P\000o\000l\000i\000m\000o\000r\000f\000i\000s\000m\000o\000\040\000d\000e\000\040\000C\000\363\000d\000i\000g\000o\000:\000\040\000`\000`\000E\000l\000\040\000C\000a\000m\000a\000l\000e\000\363\000n\000'\000'\000\040\000\050\000v\0000\000.\0006\000\051}{part.1}% 57
\BOOKMARK [1][-]{section.9.1}{\376\377\000M\000o\000t\000i\000v\000a\000c\000i\000\363\000n}{chapter.9}% 58
\BOOKMARK [1][-]{section.9.2}{\376\377\000C\000o\000m\000p\000o\000n\000e\000n\000t\000e\000s\000\040\000d\000e\000l\000\040\000P\000o\000l\000i\000m\000o\000r\000f\000i\000s\000m\000o}{chapter.9}% 59
\BOOKMARK [2][-]{subsection.9.2.1}{\376\377\000A\000S\000L\000R\000\040\000\050\000A\000d\000d\000r\000e\000s\000s\000\040\000S\000p\000a\000c\000e\000\040\000L\000a\000y\000o\000u\000t\000\040\000R\000a\000n\000d\000o\000m\000i\000z\000a\000t\000i\000o\000n\000\051}{section.9.2}% 60
\BOOKMARK [2][-]{subsection.9.2.2}{\376\377\000S\000t\000a\000c\000k\000\040\000C\000a\000n\000a\000r\000i\000e\000s}{section.9.2}% 61
\BOOKMARK [2][-]{subsection.9.2.3}{\376\377\000F\000i\000r\000m\000a\000\040\000B\000i\000n\000a\000r\000i\000a\000\040\000\332\000n\000i\000c\000a}{section.9.2}% 62
\BOOKMARK [2][-]{subsection.9.2.4}{\376\377\000T\000i\000m\000i\000n\000g\000\040\000J\000i\000t\000t\000e\000r}{section.9.2}% 63
\BOOKMARK [1][-]{section.9.3}{\376\377\000F\000l\000u\000j\000o\000\040\000d\000e\000\040\000I\000n\000i\000c\000i\000a\000l\000i\000z\000a\000c\000i\000\363\000n}{chapter.9}% 64
\BOOKMARK [1][-]{section.9.4}{\376\377\000A\000P\000I\000\040\000P\000r\000i\000n\000c\000i\000p\000a\000l}{chapter.9}% 65
\BOOKMARK [1][-]{section.9.5}{\376\377\000R\000e\000s\000p\000u\000e\000s\000t\000a\000\040\000a\000\040\000V\000i\000o\000l\000a\000c\000i\000\363\000n\000\040\000d\000e\000\040\000C\000a\000n\000a\000r\000y}{chapter.9}% 66
\BOOKMARK [1][-]{section.9.6}{\376\377\000D\000i\000v\000e\000r\000s\000i\000t\000y\000\040\000S\000c\000o\000r\000e}{chapter.9}% 67
\BOOKMARK [0][-]{chapter.10}{\376\377\000V\000a\000l\000i\000d\000a\000c\000i\000\363\000n\000\040\000d\000e\000\040\000H\000a\000r\000d\000w\000a\000r\000e\000:\000\040\000`\000`\000E\000l\000\040\000C\000e\000n\000t\000i\000n\000e\000l\000a\000\040\000d\000e\000l\000\040\000S\000i\000l\000i\000c\000i\000o\000'\000'\000\040\000\050\000v\0000\000.\0006\000\051}{part.1}% 68
\BOOKMARK [1][-]{section.10.1}{\376\377\000M\000o\000t\000i\000v\000a\000c\000i\000\363\000n}{chapter.10}% 69
\BOOKMARK [1][-]{section.10.2}{\376\377\000F\000a\000s\000e\000s\000\040\000d\000e\000l\000\040\000S\000i\000s\000t\000e\000m\000a}{chapter.10}% 70
\BOOKMARK [1][-]{section.10.3}{\376\377\000V\000a\000l\000i\000d\000a\000c\000i\000\363\000n\000\040\000d\000e\000\040\000S\000e\000n\000s\000o\000r\000e\000s}{chapter.10}% 71
\BOOKMARK [1][-]{section.10.4}{\376\377\000C\000a\000n\000a\000r\000i\000e\000s\000\040\000d\000e\000\040\000M\000e\000m\000o\000r\000i\000a}{chapter.10}% 72
\BOOKMARK [1][-]{section.10.5}{\376\377\000I\000n\000t\000e\000g\000r\000i\000d\000a\000d\000\040\000d\000e\000\040\000F\000l\000a\000s\000h}{chapter.10}% 73
\BOOKMARK [1][-]{section.10.6}{\376\377\000T\000i\000p\000o\000s\000\040\000d\000e\000\040\000V\000i\000o\000l\000a\000c\000i\000\363\000n}{chapter.10}% 74
\BOOKMARK [1][-]{section.10.7}{\376\377\000T\000r\000u\000s\000t\000\040\000S\000c\000o\000r\000e}{chapter.10}% 75
\BOOKMARK [1][-]{section.10.8}{\376\377\000A\000P\000I\000\040\000P\000r\000i\000n\000c\000i\000p\000a\000l}{chapter.10}% 76
\BOOKMARK [0][-]{chapter.11}{\376\377\000S\000i\000n\000t\000o\000n\000i\000z\000a\000c\000i\000\363\000n\000\040\000G\000e\000n\000\351\000t\000i\000c\000a\000\040\000\050\000v\0000\000.\0007\000\051}{part.1}% 77
\BOOKMARK [1][-]{section.11.1}{\376\377\000V\000i\000s\000i\000\363\000n\000\040\000G\000e\000n\000e\000r\000a\000l}{chapter.11}% 78
\BOOKMARK [1][-]{section.11.2}{\376\377\000E\000s\000t\000r\000u\000c\000t\000u\000r\000a\000\040\000d\000e\000l\000\040\000G\000e\000n\000o\000m\000a}{chapter.11}% 79
\BOOKMARK [1][-]{section.11.3}{\376\377\000R\000e\000c\000e\000p\000c\000i\000\363\000n\000\040\000d\000e\000\040\000C\000o\000n\000f\000i\000g\000u\000r\000a\000c\000i\000\363\000n}{chapter.11}% 80
\BOOKMARK [1][-]{section.11.4}{\376\377\000R\000e\000p\000o\000r\000t\000e\000\040\000d\000e\000\040\000T\000e\000l\000e\000m\000e\000t\000r\000\355\000a}{chapter.11}% 81
\BOOKMARK [1][-]{section.11.5}{\376\377\000A\000P\000I\000\040\000d\000e\000l\000\040\000R\000e\000c\000e\000p\000t\000o\000r\000\040\000G\000e\000n\000\351\000t\000i\000c\000o}{chapter.11}% 82
\BOOKMARK [0][-]{chapter.12}{\376\377\000N\000o\000d\000o\000s\000\040\000J\000u\000d\000a\000s\000:\000\040\000H\000o\000n\000e\000y\000p\000o\000t\000s\000\040\000A\000c\000t\000i\000v\000o\000s\000\040\000\050\000v\0000\000.\0007\000\051}{part.1}% 83
\BOOKMARK [1][-]{section.12.1}{\376\377\000C\000o\000n\000c\000e\000p\000t\000o}{chapter.12}% 84
\BOOKMARK [1][-]{section.12.2}{\376\377\000M\000\341\000q\000u\000i\000n\000a\000\040\000d\000e\000\040\000E\000s\000t\000a\000d\000o\000s}{chapter.12}% 85
\BOOKMARK [1][-]{section.12.3}{\376\377\000T\000r\000i\000g\000g\000e\000r\000s\000\040\000d\000e\000\040\000A\000c\000t\000i\000v\000a\000c\000i\000\363\000n}{chapter.12}% 86
\BOOKMARK [1][-]{section.12.4}{\376\377\000E\000s\000t\000r\000u\000c\000t\000u\000r\000a\000\040\000d\000e\000\040\000C\000a\000p\000t\000u\000r\000a}{chapter.12}% 87
\BOOKMARK [1][-]{section.12.5}{\376\377\000I\000n\000t\000e\000g\000r\000a\000c\000i\000\363\000n\000\040\000c\000o\000n\000\040\000A\000I\000S}{chapter.12}% 88
\BOOKMARK [1][-]{section.12.6}{\376\377\000T\000r\000a\000n\000s\000m\000i\000s\000i\000\363\000n\000\040\000d\000e\000\040\000F\000o\000r\000e\000n\000s\000i\000c\000s}{chapter.12}% 89
\BOOKMARK [1][-]{section.12.7}{\376\377\000A\000P\000I\000\040\000d\000e\000l\000\040\000S\000i\000s\000t\000e\000m\000a\000\040\000J\000u\000d\000a\000s}{chapter.12}% 90
\BOOKMARK [0][-]{chapter.13}{\376\377\000C\000a\000n\000a\000l\000e\000s\000\040\000E\000n\000c\000u\000b\000i\000e\000r\000t\000o\000s\000\040\000\050\000v\0000\000.\0007\000\051}{part.1}% 91
\BOOKMARK [1][-]{section.13.1}{\376\377\000V\000i\000s\000i\000\363\000n\000\040\000G\000e\000n\000e\000r\000a\000l}{chapter.13}% 92
\BOOKMARK [1][-]{section.13.2}{\376\377\000C\000a\000n\000a\000l\000\040\000\323\000p\000t\000i\000c\000o\000\040\000\050\000L\000E\000D\000-\000t\000o\000-\000L\000i\000g\000h\000t\000\040\000S\000e\000n\000s\000o\000r\000\051}{chapter.13}% 93
\BOOKMARK [2][-]{subsection.13.2.1}{\376\377\000C\000a\000r\000a\000c\000t\000e\000r\000\355\000s\000t\000i\000c\000a\000s}{section.13.2}% 94
\BOOKMARK [2][-]{subsection.13.2.2}{\376\377\000C\000o\000d\000i\000f\000i\000c\000a\000c\000i\000\363\000n\000\040\000M\000a\000n\000c\000h\000e\000s\000t\000e\000r}{section.13.2}% 95
\BOOKMARK [1][-]{section.13.3}{\376\377\000C\000a\000n\000a\000l\000\040\000A\000c\000\372\000s\000t\000i\000c\000o\000\040\000\050\000B\000u\000z\000z\000e\000r\000-\000t\000o\000-\000M\000i\000c\000\051}{chapter.13}% 96
\BOOKMARK [2][-]{subsection.13.3.1}{\376\377\000C\000a\000r\000a\000c\000t\000e\000r\000\355\000s\000t\000i\000c\000a\000s}{section.13.3}% 97
\BOOKMARK [2][-]{subsection.13.3.2}{\376\377\000M\000o\000d\000u\000l\000a\000c\000i\000\363\000n\000\040\000F\000S\000K}{section.13.3}% 98
\BOOKMARK [1][-]{section.13.4}{\376\377\000E\000s\000t\000r\000u\000c\000t\000u\000r\000a\000\040\000d\000e\000l\000\040\000F\000r\000a\000m\000e}{chapter.13}% 99
\BOOKMARK [1][-]{section.13.5}{\376\377\000A\000P\000I\000\040\000d\000e\000\040\000C\000a\000n\000a\000l\000e\000s\000\040\000E\000n\000c\000u\000b\000i\000e\000r\000t\000o\000s}{chapter.13}% 100
\BOOKMARK [1][-]{section.13.6}{\376\377\000C\000o\000n\000s\000i\000d\000e\000r\000a\000c\000i\000o\000n\000e\000s\000\040\000d\000e\000\040\000S\000e\000g\000u\000r\000i\000d\000a\000d}{chapter.13}% 101
\BOOKMARK [-1][-]{part.2}{\376\377\000I\000I\000\040\000P\000r\000o\000t\000o\000c\000o\000l\000o\000\040\000N\000E\000R\000T}{}% 102
\BOOKMARK [0][-]{chapter.14}{\376\377\000V\000i\000s\000i\000\363\000n\000\040\000G\000e\000n\000e\000r\000a\000l\000\040\000d\000e\000\040\000N\000E\000R\000T}{part.2}% 103
\BOOKMARK [1][-]{section.14.1}{\376\377\000M\000o\000t\000i\000v\000a\000c\000i\000\363\000n}{chapter.14}% 104
\BOOKMARK [1][-]{section.14.2}{\376\377\000C\000l\000a\000s\000e\000s\000\040\000d\000e\000\040\000C\000o\000n\000f\000i\000a\000b\000i\000l\000i\000d\000a\000d}{chapter.14}% 105
\BOOKMARK [0][-]{chapter.15}{\376\377\000F\000o\000r\000m\000a\000t\000o\000\040\000d\000e\000\040\000P\000a\000q\000u\000e\000t\000e\000\040\000N\000E\000R\000T}{part.2}% 106
\BOOKMARK [1][-]{section.15.1}{\376\377\000H\000e\000a\000d\000e\000r\000\040\000E\000s\000t\000\341\000n\000d\000a\000r\000\040\000\050\0002\0000\000\040\000b\000y\000t\000e\000s\000\051}{chapter.15}% 107
\BOOKMARK [1][-]{section.15.2}{\376\377\000C\000a\000m\000p\000o\000\040\000d\000e\000\040\000F\000l\000a\000g\000s}{chapter.15}% 108
\BOOKMARK [1][-]{section.15.3}{\376\377\000E\000s\000t\000r\000u\000c\000t\000u\000r\000a\000\040\000C\000o\000m\000p\000l\000e\000t\000a\000\040\000d\000e\000l\000\040\000P\000a\000q\000u\000e\000t\000e}{chapter.15}% 109
\BOOKMARK [0][-]{chapter.16}{\376\377\000C\000r\000i\000p\000t\000o\000g\000r\000a\000f\000\355\000a}{part.2}% 110
\BOOKMARK [1][-]{section.16.1}{\376\377\000A\000l\000g\000o\000r\000i\000t\000m\000o\000s\000\040\000U\000t\000i\000l\000i\000z\000a\000d\000o\000s}{chapter.16}% 111
\BOOKMARK [1][-]{section.16.2}{\376\377\000D\000e\000r\000i\000v\000a\000c\000i\000\363\000n\000\040\000d\000e\000\040\000C\000l\000a\000v\000e\000s}{chapter.16}% 112
\BOOKMARK [1][-]{section.16.3}{\376\377\000V\000e\000n\000t\000a\000n\000a\000\040\000d\000e\000\040\000G\000r\000a\000c\000i\000a\000\040\000p\000a\000r\000a\000\040\000R\000o\000t\000a\000c\000i\000\363\000n\000\040\000d\000e\000\040\000C\000l\000a\000v\000e\000s}{chapter.16}% 113
\BOOKMARK [1][-]{section.16.4}{\376\377\000C\000o\000n\000s\000t\000r\000u\000c\000c\000i\000\363\000n\000\040\000d\000e\000l\000\040\000N\000o\000n\000c\000e}{chapter.16}% 114
\BOOKMARK [0][-]{chapter.17}{\376\377\000M\000e\000c\000a\000n\000i\000s\000m\000o\000s\000\040\000d\000e\000\040\000C\000o\000n\000f\000i\000a\000b\000i\000l\000i\000d\000a\000d}{part.2}% 115
\BOOKMARK [1][-]{section.17.1}{\376\377\000M\000\341\000q\000u\000i\000n\000a\000\040\000d\000e\000\040\000E\000s\000t\000a\000d\000o\000s\000\040\000d\000e\000\040\000C\000o\000n\000e\000x\000i\000\363\000n}{chapter.17}% 116
\BOOKMARK [1][-]{section.17.2}{\376\377\000T\000w\000o\000-\000W\000a\000y\000\040\000H\000a\000n\000d\000s\000h\000a\000k\000e}{chapter.17}% 117
\BOOKMARK [1][-]{section.17.3}{\376\377\000S\000e\000l\000e\000c\000t\000i\000v\000e\000\040\000A\000C\000K\000\040\000\050\000S\000A\000C\000K\000\051}{chapter.17}% 118
\BOOKMARK [1][-]{section.17.4}{\376\377\000R\000e\000t\000r\000a\000n\000s\000m\000i\000s\000i\000\363\000n\000\040\000c\000o\000n\000\040\000B\000a\000c\000k\000o\000f\000f\000\040\000E\000x\000p\000o\000n\000e\000n\000c\000i\000a\000l}{chapter.17}% 119
\BOOKMARK [0][-]{chapter.18}{\376\377\000F\000o\000r\000w\000a\000r\000d\000\040\000E\000r\000r\000o\000r\000\040\000C\000o\000r\000r\000e\000c\000t\000i\000o\000n}{part.2}% 120
\BOOKMARK [1][-]{section.18.1}{\376\377\000E\000s\000q\000u\000e\000m\000a\000\040\000X\000O\000R\000\040\000P\000a\000r\000i\000t\000y}{chapter.18}% 121
\BOOKMARK [1][-]{section.18.2}{\376\377\000C\000a\000p\000a\000c\000i\000d\000a\000d\000\040\000d\000e\000\040\000R\000e\000c\000u\000p\000e\000r\000a\000c\000i\000\363\000n}{chapter.18}% 122
\BOOKMARK [0][-]{chapter.19}{\376\377\000M\000u\000l\000t\000i\000-\000P\000a\000t\000h\000\040\000T\000r\000a\000n\000s\000m\000i\000s\000s\000i\000o\000n}{part.2}% 123
\BOOKMARK [1][-]{section.19.1}{\376\377\000S\000e\000l\000e\000c\000c\000i\000\363\000n\000\040\000d\000e\000\040\000R\000u\000t\000a\000s}{chapter.19}% 124
\BOOKMARK [0][-]{chapter.20}{\376\377\000H\000i\000v\000e\000\040\000B\000r\000i\000d\000g\000e\000:\000\040\000I\000n\000t\000e\000g\000r\000a\000c\000i\000\363\000n\000\040\000c\000o\000n\000\040\000m\000i\000c\000r\000O\000S}{part.2}% 125
\BOOKMARK [1][-]{section.20.1}{\376\377\000A\000r\000q\000u\000i\000t\000e\000c\000t\000u\000r\000a\000\040\000d\000e\000l\000\040\000E\000n\000j\000a\000m\000b\000r\000e\000\040\000H\000\355\000b\000r\000i\000d\000o}{chapter.20}% 126
\BOOKMARK [1][-]{section.20.2}{\376\377\000D\000e\000t\000e\000c\000c\000i\000\363\000n\000\040\000d\000e\000\040\000l\000a\000\040\000R\000e\000i\000n\000a}{chapter.20}% 127
\BOOKMARK [1][-]{section.20.3}{\376\377\000S\000e\000r\000v\000i\000c\000i\000o\000\040\000N\000E\000R\000T\000\040\000e\000n\000\040\000m\000i\000c\000r\000O\000S}{chapter.20}% 128
\BOOKMARK [1][-]{section.20.4}{\376\377\000C\000o\000m\000u\000n\000i\000c\000a\000c\000i\000\363\000n\000\040\000B\000i\000d\000i\000r\000e\000c\000c\000i\000o\000n\000a\000l}{chapter.20}% 129
\BOOKMARK [1][-]{section.20.5}{\376\377\000P\000o\000l\000l\000i\000n\000g\000\040\000e\000n\000\040\000m\000i\000c\000r\000O\000S}{chapter.20}% 130
\BOOKMARK [1][-]{section.20.6}{\376\377\000V\000e\000r\000i\000f\000i\000c\000a\000c\000i\000\363\000n\000\040\000d\000e\000\040\000C\000o\000n\000e\000c\000t\000i\000v\000i\000d\000a\000d}{chapter.20}% 131
\BOOKMARK [1][-]{section.20.7}{\376\377\000C\000o\000m\000a\000n\000d\000o\000s\000\040\000d\000e\000\040\000l\000a\000\040\000R\000e\000i\000n\000a}{chapter.20}% 132
\BOOKMARK [-1][-]{part.3}{\376\377\000I\000I\000I\000\040\000G\000u\000\355\000a\000\040\000d\000e\000\040\000I\000m\000p\000l\000e\000m\000e\000n\000t\000a\000c\000i\000\363\000n}{}% 133
\BOOKMARK [0][-]{chapter.21}{\376\377\000C\000o\000m\000p\000i\000l\000a\000c\000i\000\363\000n\000\040\000y\000\040\000D\000e\000s\000p\000l\000i\000e\000g\000u\000e}{part.3}% 134
\BOOKMARK [1][-]{section.21.1}{\376\377\000R\000e\000q\000u\000i\000s\000i\000t\000o\000s}{chapter.21}% 135
\BOOKMARK [1][-]{section.21.2}{\376\377\000C\000o\000m\000p\000i\000l\000a\000c\000i\000\363\000n\000\040\000x\0008\0006}{chapter.21}% 136
\BOOKMARK [1][-]{section.21.3}{\376\377\000C\000o\000m\000p\000i\000l\000a\000c\000i\000\363\000n\000\040\000A\000R\000M}{chapter.21}% 137
\BOOKMARK [1][-]{section.21.4}{\376\377\000C\000o\000m\000p\000i\000l\000a\000c\000i\000\363\000n\000\040\000E\000S\000P\0003\0002}{chapter.21}% 138
\BOOKMARK [0][-]{chapter.22}{\376\377\000A\000P\000I\000\040\000d\000e\000\040\000P\000r\000o\000g\000r\000a\000m\000a\000c\000i\000\363\000n}{part.3}% 139
\BOOKMARK [1][-]{section.22.1}{\376\377\000I\000n\000i\000c\000i\000a\000l\000i\000z\000a\000c\000i\000\363\000n}{chapter.22}% 140
\BOOKMARK [1][-]{section.22.2}{\376\377\000E\000n\000v\000\355\000o\000\040\000d\000e\000\040\000M\000e\000n\000s\000a\000j\000e\000s}{chapter.22}% 141
\BOOKMARK [0][-]{chapter.23}{\376\377\000D\000e\000b\000u\000g\000g\000i\000n\000g\000\040\000y\000\040\000M\000o\000n\000i\000t\000o\000r\000e\000o}{part.3}% 142
\BOOKMARK [1][-]{section.23.1}{\376\377\000E\000s\000t\000a\000d\000\355\000s\000t\000i\000c\000a\000s\000\040\000d\000e\000\040\000N\000E\000R\000T}{chapter.23}% 143
\BOOKMARK [1][-]{section.23.2}{\376\377\000M\000\351\000t\000r\000i\000c\000a\000s\000\040\000C\000l\000a\000v\000e}{chapter.23}% 144
\BOOKMARK [0][-]{appendix.Alph1}{\376\377\000C\000o\000n\000s\000t\000a\000n\000t\000e\000s\000\040\000d\000e\000\040\000C\000o\000n\000f\000i\000g\000u\000r\000a\000c\000i\000\363\000n}{part.3}% 145
\BOOKMARK [0][-]{appendix.Alph2}{\376\377\000G\000l\000o\000s\000a\000r\000i\000o}{part.3}% 146
\BOOKMARK [0][-]{appendix*.64}{\376\377\000S\000o\000b\000r\000e\000\040\000E\000s\000t\000e\000\040\000D\000o\000c\000u\000m\000e\000n\000t\000o}{part.3}% 147
