╔════════════════════════════════════════════════╗
║   NERT Framework v0.4 - Secure Mesh Demo      ║
╚════════════════════════════════════════════════╝

[Node 1002] Initializing...
[Node 1002] Creating virtual PHY on 239.255.0.1:5555
[Node 1002] Registering message handlers...
[Node 1002] Initializing HAL adapter...
[Node 1002] Initializing NERT stack...
[Node 1002] READY - Using NERT protocol over UDP multicast
[Node 1002] All traffic encrypted with ChaCha8+Poly1305

[Node 1002] Sending NERT announce (encrypted)...
[Node 1002] Sending NERT announce (encrypted)...
[Node 1002] Sending NERT announce (encrypted)...
[Node 1002] Sending NERT announce (encrypted)...
[Node 1002] Sending NERT announce (encrypted)...
[Node 1002] Sending NERT announce (encrypted)...

Shutting down gracefully...
[Node 1002] Wiping security keys...
[Node 1002] Destroying PHY...

[Node 1002] Final Statistics:
  TX: 6 packets, 210 bytes, 0 retransmits
  RX: 288 packets, 25142 bytes, 3 duplicates
  Security: 8 bad MACs, 0 replays blocked

[Node 1002] Shutdown complete.
