╔════════════════════════════════════════════════╗
║   NERT Framework v0.4 - Secure Mesh Demo      ║
╚════════════════════════════════════════════════╝

[Node 1001] Initializing...
[Node 1001] Creating virtual PHY on 239.255.0.1:5555
[Node 1001] Registering message handlers...
[Node 1001] Initializing HAL adapter...
[Node 1001] Initializing NERT stack...
[Node 1001] READY - Using NERT protocol over UDP multicast
[Node 1001] All traffic encrypted with ChaCha8+Poly1305

[Node 1001] Sending NERT announce (encrypted)...
[Node 1001] Sending NERT announce (encrypted)...
[Node 1001] Sending NERT announce (encrypted)...
[Node 1001] Sending NERT announce (encrypted)...
[Node 1001] Sending NERT announce (encrypted)...
[Node 1001] Sending NERT announce (encrypted)...

Shutting down gracefully...
[Node 1001] Wiping security keys...
[Node 1001] Destroying PHY...

[Node 1001] Final Statistics:
  TX: 6 packets, 210 bytes, 0 retransmits
  RX: 288 packets, 25142 bytes, 3 duplicates
  Security: 9 bad MACs, 0 replays blocked

[Node 1001] Shutdown complete.
