\BOOKMARK [-1][-]{part.1}{\376\377\000I\000\040\000N\000a\000n\000O\000S\000\040\000C\000o\000r\000e}{}% 1
\BOOKMARK [0][-]{chapter.1}{\376\377\000I\000n\000t\000r\000o\000d\000u\000c\000c\000i\000\363\000n}{part.1}% 2
\BOOKMARK [1][-]{section.1.1}{\376\377\000\277\000Q\000u\000\351\000\040\000e\000s\000\040\000N\000a\000n\000O\000S\000?}{chapter.1}% 3
\BOOKMARK [1][-]{section.1.2}{\376\377\000I\000n\000s\000p\000i\000r\000a\000c\000i\000\363\000n\000\040\000B\000i\000o\000l\000\363\000g\000i\000c\000a}{chapter.1}% 4
\BOOKMARK [1][-]{section.1.3}{\376\377\000P\000l\000a\000t\000a\000f\000o\000r\000m\000a\000s\000\040\000S\000o\000p\000o\000r\000t\000a\000d\000a\000s}{chapter.1}% 5
\BOOKMARK [0][-]{chapter.2}{\376\377\000A\000r\000q\000u\000i\000t\000e\000c\000t\000u\000r\000a\000\040\000d\000e\000l\000\040\000S\000i\000s\000t\000e\000m\000a}{part.1}% 6
\BOOKMARK [1][-]{section.2.1}{\376\377\000E\000s\000t\000r\000u\000c\000t\000u\000r\000a\000\040\000d\000e\000\040\000C\000a\000p\000a\000s}{chapter.2}% 7
\BOOKMARK [1][-]{section.2.2}{\376\377\000C\000o\000m\000p\000o\000n\000e\000n\000t\000e\000s\000\040\000d\000e\000l\000\040\000K\000e\000r\000n\000e\000l}{chapter.2}% 8
\BOOKMARK [2][-]{subsection.2.2.1}{\376\377\000G\000e\000s\000t\000i\000\363\000n\000\040\000d\000e\000\040\000M\000e\000m\000o\000r\000i\000a}{section.2.2}% 9
\BOOKMARK [2][-]{subsection.2.2.2}{\376\377\000T\000i\000m\000e\000r\000\040\000y\000\040\000S\000c\000h\000e\000d\000u\000l\000i\000n\000g}{section.2.2}% 10
\BOOKMARK [1][-]{section.2.3}{\376\377\000C\000i\000c\000l\000o\000\040\000d\000e\000\040\000V\000i\000d\000a\000\040\000d\000e\000l\000\040\000N\000o\000d\000o}{chapter.2}% 11
\BOOKMARK [2][-]{subsection.2.3.1}{\376\377\000C\000o\000n\000d\000i\000c\000i\000o\000n\000e\000s\000\040\000d\000e\000\040\000A\000p\000o\000p\000t\000o\000s\000i\000s}{section.2.3}% 12
\BOOKMARK [0][-]{chapter.3}{\376\377\000S\000i\000s\000t\000e\000m\000a\000\040\000d\000e\000\040\000R\000o\000l\000e\000s}{part.1}% 13
\BOOKMARK [1][-]{section.3.1}{\376\377\000R\000o\000l\000e\000s\000\040\000D\000e\000f\000i\000n\000i\000d\000o\000s}{chapter.3}% 14
\BOOKMARK [1][-]{section.3.2}{\376\377\000T\000r\000a\000n\000s\000i\000c\000i\000\363\000n\000\040\000d\000e\000\040\000R\000o\000l\000e\000s}{chapter.3}% 15
\BOOKMARK [1][-]{section.3.3}{\376\377\000A\000l\000g\000o\000r\000i\000t\000m\000o\000\040\000d\000e\000\040\000E\000l\000e\000c\000c\000i\000\363\000n\000\040\000d\000e\000\040\000R\000e\000i\000n\000a}{chapter.3}% 16
\BOOKMARK [0][-]{chapter.4}{\376\377\000P\000r\000o\000t\000o\000c\000o\000l\000o\000\040\000d\000e\000\040\000F\000e\000r\000o\000m\000o\000n\000a\000s}{part.1}% 17
\BOOKMARK [1][-]{section.4.1}{\376\377\000T\000i\000p\000o\000s\000\040\000d\000e\000\040\000P\000h\000e\000r\000o\000m\000o\000n\000e\000s}{chapter.4}% 18
\BOOKMARK [1][-]{section.4.2}{\376\377\000F\000o\000r\000m\000a\000t\000o\000\040\000d\000e\000\040\000P\000a\000q\000u\000e\000t\000e}{chapter.4}% 19
\BOOKMARK [2][-]{subsection.4.2.1}{\376\377\000P\000a\000q\000u\000e\000t\000e\000\040\000E\000s\000t\000\341\000n\000d\000a\000r\000\040\000\050\0006\0004\000\040\000b\000y\000t\000e\000s\000\051}{section.4.2}% 20
\BOOKMARK [2][-]{subsection.4.2.2}{\376\377\000P\000a\000q\000u\000e\000t\000e\000\040\000C\000o\000m\000p\000a\000c\000t\000o\000\040\000A\000R\000M\000\040\000\050\0002\0004\000\040\000b\000y\000t\000e\000s\000\051}{section.4.2}% 21
\BOOKMARK [1][-]{section.4.3}{\376\377\000A\000u\000t\000e\000n\000t\000i\000c\000a\000c\000i\000\363\000n\000\040\000H\000M\000A\000C}{chapter.4}% 22
\BOOKMARK [0][-]{chapter.5}{\376\377\000M\000e\000c\000a\000n\000i\000s\000m\000o\000s\000\040\000d\000e\000\040\000R\000e\000d}{part.1}% 23
\BOOKMARK [1][-]{section.5.1}{\376\377\000B\000l\000o\000o\000m\000\040\000F\000i\000l\000t\000e\000r\000\040\000p\000a\000r\000a\000\040\000D\000e\000d\000u\000p\000l\000i\000c\000a\000c\000i\000\363\000n}{chapter.5}% 24
\BOOKMARK [1][-]{section.5.2}{\376\377\000G\000o\000s\000s\000i\000p\000\040\000P\000r\000o\000t\000o\000c\000o\000l}{chapter.5}% 25
\BOOKMARK [1][-]{section.5.3}{\376\377\000G\000r\000a\000d\000i\000e\000n\000t\000\040\000R\000o\000u\000t\000i\000n\000g}{chapter.5}% 26
\BOOKMARK [-1][-]{part.2}{\376\377\000I\000I\000\040\000P\000r\000o\000t\000o\000c\000o\000l\000o\000\040\000N\000E\000R\000T}{}% 27
\BOOKMARK [0][-]{chapter.6}{\376\377\000V\000i\000s\000i\000\363\000n\000\040\000G\000e\000n\000e\000r\000a\000l\000\040\000d\000e\000\040\000N\000E\000R\000T}{part.2}% 28
\BOOKMARK [1][-]{section.6.1}{\376\377\000M\000o\000t\000i\000v\000a\000c\000i\000\363\000n}{chapter.6}% 29
\BOOKMARK [1][-]{section.6.2}{\376\377\000C\000l\000a\000s\000e\000s\000\040\000d\000e\000\040\000C\000o\000n\000f\000i\000a\000b\000i\000l\000i\000d\000a\000d}{chapter.6}% 30
\BOOKMARK [0][-]{chapter.7}{\376\377\000F\000o\000r\000m\000a\000t\000o\000\040\000d\000e\000\040\000P\000a\000q\000u\000e\000t\000e\000\040\000N\000E\000R\000T}{part.2}% 31
\BOOKMARK [1][-]{section.7.1}{\376\377\000H\000e\000a\000d\000e\000r\000\040\000E\000s\000t\000\341\000n\000d\000a\000r\000\040\000\050\0002\0000\000\040\000b\000y\000t\000e\000s\000\051}{chapter.7}% 32
\BOOKMARK [1][-]{section.7.2}{\376\377\000C\000a\000m\000p\000o\000\040\000d\000e\000\040\000F\000l\000a\000g\000s}{chapter.7}% 33
\BOOKMARK [1][-]{section.7.3}{\376\377\000E\000s\000t\000r\000u\000c\000t\000u\000r\000a\000\040\000C\000o\000m\000p\000l\000e\000t\000a\000\040\000d\000e\000l\000\040\000P\000a\000q\000u\000e\000t\000e}{chapter.7}% 34
\BOOKMARK [0][-]{chapter.8}{\376\377\000C\000r\000i\000p\000t\000o\000g\000r\000a\000f\000\355\000a}{part.2}% 35
\BOOKMARK [1][-]{section.8.1}{\376\377\000A\000l\000g\000o\000r\000i\000t\000m\000o\000s\000\040\000U\000t\000i\000l\000i\000z\000a\000d\000o\000s}{chapter.8}% 36
\BOOKMARK [1][-]{section.8.2}{\376\377\000D\000e\000r\000i\000v\000a\000c\000i\000\363\000n\000\040\000d\000e\000\040\000C\000l\000a\000v\000e\000s}{chapter.8}% 37
\BOOKMARK [1][-]{section.8.3}{\376\377\000V\000e\000n\000t\000a\000n\000a\000\040\000d\000e\000\040\000G\000r\000a\000c\000i\000a\000\040\000p\000a\000r\000a\000\040\000R\000o\000t\000a\000c\000i\000\363\000n\000\040\000d\000e\000\040\000C\000l\000a\000v\000e\000s}{chapter.8}% 38
\BOOKMARK [1][-]{section.8.4}{\376\377\000C\000o\000n\000s\000t\000r\000u\000c\000c\000i\000\363\000n\000\040\000d\000e\000l\000\040\000N\000o\000n\000c\000e}{chapter.8}% 39
\BOOKMARK [0][-]{chapter.9}{\376\377\000M\000e\000c\000a\000n\000i\000s\000m\000o\000s\000\040\000d\000e\000\040\000C\000o\000n\000f\000i\000a\000b\000i\000l\000i\000d\000a\000d}{part.2}% 40
\BOOKMARK [1][-]{section.9.1}{\376\377\000M\000\341\000q\000u\000i\000n\000a\000\040\000d\000e\000\040\000E\000s\000t\000a\000d\000o\000s\000\040\000d\000e\000\040\000C\000o\000n\000e\000x\000i\000\363\000n}{chapter.9}% 41
\BOOKMARK [1][-]{section.9.2}{\376\377\000T\000w\000o\000-\000W\000a\000y\000\040\000H\000a\000n\000d\000s\000h\000a\000k\000e}{chapter.9}% 42
\BOOKMARK [1][-]{section.9.3}{\376\377\000S\000e\000l\000e\000c\000t\000i\000v\000e\000\040\000A\000C\000K\000\040\000\050\000S\000A\000C\000K\000\051}{chapter.9}% 43
\BOOKMARK [1][-]{section.9.4}{\376\377\000R\000e\000t\000r\000a\000n\000s\000m\000i\000s\000i\000\363\000n\000\040\000c\000o\000n\000\040\000B\000a\000c\000k\000o\000f\000f\000\040\000E\000x\000p\000o\000n\000e\000n\000c\000i\000a\000l}{chapter.9}% 44
\BOOKMARK [0][-]{chapter.10}{\376\377\000F\000o\000r\000w\000a\000r\000d\000\040\000E\000r\000r\000o\000r\000\040\000C\000o\000r\000r\000e\000c\000t\000i\000o\000n}{part.2}% 45
\BOOKMARK [1][-]{section.10.1}{\376\377\000E\000s\000q\000u\000e\000m\000a\000\040\000X\000O\000R\000\040\000P\000a\000r\000i\000t\000y}{chapter.10}% 46
\BOOKMARK [1][-]{section.10.2}{\376\377\000C\000a\000p\000a\000c\000i\000d\000a\000d\000\040\000d\000e\000\040\000R\000e\000c\000u\000p\000e\000r\000a\000c\000i\000\363\000n}{chapter.10}% 47
\BOOKMARK [0][-]{chapter.11}{\376\377\000M\000u\000l\000t\000i\000-\000P\000a\000t\000h\000\040\000T\000r\000a\000n\000s\000m\000i\000s\000s\000i\000o\000n}{part.2}% 48
\BOOKMARK [1][-]{section.11.1}{\376\377\000S\000e\000l\000e\000c\000c\000i\000\363\000n\000\040\000d\000e\000\040\000R\000u\000t\000a\000s}{chapter.11}% 49
\BOOKMARK [-1][-]{part.3}{\376\377\000I\000I\000I\000\040\000G\000u\000\355\000a\000\040\000d\000e\000\040\000I\000m\000p\000l\000e\000m\000e\000n\000t\000a\000c\000i\000\363\000n}{}% 50
\BOOKMARK [0][-]{chapter.12}{\376\377\000C\000o\000m\000p\000i\000l\000a\000c\000i\000\363\000n\000\040\000y\000\040\000D\000e\000s\000p\000l\000i\000e\000g\000u\000e}{part.3}% 51
\BOOKMARK [1][-]{section.12.1}{\376\377\000R\000e\000q\000u\000i\000s\000i\000t\000o\000s}{chapter.12}% 52
\BOOKMARK [1][-]{section.12.2}{\376\377\000C\000o\000m\000p\000i\000l\000a\000c\000i\000\363\000n\000\040\000x\0008\0006}{chapter.12}% 53
\BOOKMARK [1][-]{section.12.3}{\376\377\000C\000o\000m\000p\000i\000l\000a\000c\000i\000\363\000n\000\040\000A\000R\000M}{chapter.12}% 54
\BOOKMARK [1][-]{section.12.4}{\376\377\000C\000o\000m\000p\000i\000l\000a\000c\000i\000\363\000n\000\040\000E\000S\000P\0003\0002}{chapter.12}% 55
\BOOKMARK [0][-]{chapter.13}{\376\377\000A\000P\000I\000\040\000d\000e\000\040\000P\000r\000o\000g\000r\000a\000m\000a\000c\000i\000\363\000n}{part.3}% 56
\BOOKMARK [1][-]{section.13.1}{\376\377\000I\000n\000i\000c\000i\000a\000l\000i\000z\000a\000c\000i\000\363\000n}{chapter.13}% 57
\BOOKMARK [1][-]{section.13.2}{\376\377\000E\000n\000v\000\355\000o\000\040\000d\000e\000\040\000M\000e\000n\000s\000a\000j\000e\000s}{chapter.13}% 58
\BOOKMARK [0][-]{chapter.14}{\376\377\000D\000e\000b\000u\000g\000g\000i\000n\000g\000\040\000y\000\040\000M\000o\000n\000i\000t\000o\000r\000e\000o}{part.3}% 59
\BOOKMARK [1][-]{section.14.1}{\376\377\000E\000s\000t\000a\000d\000\355\000s\000t\000i\000c\000a\000s\000\040\000d\000e\000\040\000N\000E\000R\000T}{chapter.14}% 60
\BOOKMARK [1][-]{section.14.2}{\376\377\000M\000\351\000t\000r\000i\000c\000a\000s\000\040\000C\000l\000a\000v\000e}{chapter.14}% 61
\BOOKMARK [0][-]{appendix.Alph1}{\376\377\000C\000o\000n\000s\000t\000a\000n\000t\000e\000s\000\040\000d\000e\000\040\000C\000o\000n\000f\000i\000g\000u\000r\000a\000c\000i\000\363\000n}{part.3}% 62
\BOOKMARK [0][-]{appendix.Alph2}{\376\377\000G\000l\000o\000s\000a\000r\000i\000o}{part.3}% 63
\BOOKMARK [0][-]{appendix*.35}{\376\377\000S\000o\000b\000r\000e\000\040\000E\000s\000t\000e\000\040\000D\000o\000c\000u\000m\000e\000n\000t\000o}{part.3}% 64
